<?xml version="1.0" encoding="UTF-8"?>
<testng-results skipped="0" failed="0" total="1" passed="1">
  <reporter-output>
  </reporter-output>
  <suite name="Default suite" duration-ms="37535" started-at="2019-10-19T14:32:06Z" finished-at="2019-10-19T14:32:44Z">
    <groups>
    </groups>
    <test name="Default test" duration-ms="37535" started-at="2019-10-19T14:32:06Z" finished-at="2019-10-19T14:32:44Z">
      <class name="TestCases.A_BaseSuiteFile">
        <test-method status="PASS" signature="BeforeTest()[pri:0, instance:TestCases.A_BaseSuiteFile@53b32d7]" name="BeforeTest" is-config="true" duration-ms="93" started-at="2019-10-19T20:02:06Z" finished-at="2019-10-19T20:02:06Z">
          <reporter-output>
          </reporter-output>
        </test-method> <!-- BeforeTest -->
        <test-method status="PASS" signature="beforeSuite()[pri:0, instance:TestCases.A_BaseSuiteFile@53b32d7]" name="beforeSuite" is-config="true" duration-ms="0" started-at="2019-10-19T20:02:06Z" finished-at="2019-10-19T20:02:06Z">
          <reporter-output>
          </reporter-output>
        </test-method> <!-- beforeSuite -->
        <test-method status="PASS" signature="beforeClass()[pri:0, instance:TestCases.A_BaseSuiteFile@53b32d7]" name="beforeClass" is-config="true" duration-ms="0" started-at="2019-10-19T20:02:06Z" finished-at="2019-10-19T20:02:06Z">
          <reporter-output>
          </reporter-output>
        </test-method> <!-- beforeClass -->
        <test-method status="PASS" signature="beforeMethod(java.lang.reflect.Method)[pri:0, instance:TestCases.A_BaseSuiteFile@53b32d7]" name="beforeMethod" is-config="true" duration-ms="19352" started-at="2019-10-19T20:02:06Z" finished-at="2019-10-19T20:02:26Z">
          <params>
            <param index="0">
              <value>
                <![CDATA[public void TestCases.A_BaseSuiteFile.LoginTest() throws java.lang.InterruptedException,java.io.IOException]]>
              </value>
            </param>
          </params>
          <reporter-output>
          </reporter-output>
        </test-method> <!-- beforeMethod -->
        <test-method status="PASS" signature="LoginTest()[pri:0, instance:TestCases.A_BaseSuiteFile@53b32d7]" name="LoginTest" duration-ms="14148" started-at="2019-10-19T20:02:26Z" finished-at="2019-10-19T20:02:40Z">
          <reporter-output>
          </reporter-output>
        </test-method> <!-- LoginTest -->
        <test-method status="PASS" signature="afterMethod(org.testng.ITestResult)[pri:0, instance:TestCases.A_BaseSuiteFile@53b32d7]" name="afterMethod" is-config="true" duration-ms="3106" started-at="2019-10-19T20:02:40Z" finished-at="2019-10-19T20:02:43Z">
          <params>
            <param index="0">
              <value>
                <![CDATA[[TestResult name=LoginTest status=SUCCESS method=A_BaseSuiteFile.LoginTest()[pri:0, instance:TestCases.A_BaseSuiteFile@53b32d7] output={null}]]]>
              </value>
            </param>
          </params>
          <reporter-output>
          </reporter-output>
        </test-method> <!-- afterMethod -->
        <test-method status="PASS" signature="AfterTest()[pri:0, instance:TestCases.A_BaseSuiteFile@53b32d7]" name="AfterTest" is-config="true" duration-ms="376" started-at="2019-10-19T20:02:43Z" finished-at="2019-10-19T20:02:44Z">
          <reporter-output>
          </reporter-output>
        </test-method> <!-- AfterTest -->
        <test-method status="PASS" signature="afterSuite()[pri:0, instance:TestCases.A_BaseSuiteFile@53b32d7]" name="afterSuite" is-config="true" duration-ms="0" started-at="2019-10-19T20:02:44Z" finished-at="2019-10-19T20:02:44Z">
          <reporter-output>
          </reporter-output>
        </test-method> <!-- afterSuite -->
      </class> <!-- TestCases.A_BaseSuiteFile -->
    </test> <!-- Default test -->
  </suite> <!-- Default suite -->
</testng-results>
